C:\Users\Evgen\source\repos\EvgenyVeprikov_cp\bso\bso\scripts\typings\bso\bootstrapCss.js
C:\Users\Evgen\source\repos\EvgenyVeprikov_cp\bso\bso\scripts\typings\bso\bootstrapCss.js.map
C:\Users\Evgen\source\repos\EvgenyVeprikov_cp\bso\bso\scripts\typings\bso\bso.js
C:\Users\Evgen\source\repos\EvgenyVeprikov_cp\bso\bso\scripts\typings\bso\bso.js.map
C:\Users\Evgen\source\repos\EvgenyVeprikov_cp\bso\bso\scripts\typings\bso\old_bso.js
C:\Users\Evgen\source\repos\EvgenyVeprikov_cp\bso\bso\scripts\typings\bso\old_bso.js.map
C:\Users\Evgen\source\repos\EvgenyVeprikov_cp\bso\bso\scripts\typings\Controls\Bases.js
C:\Users\Evgen\source\repos\EvgenyVeprikov_cp\bso\bso\scripts\typings\Controls\Bases.js.map
C:\Users\Evgen\source\repos\EvgenyVeprikov_cp\bso\bso\scripts\typings\Samples\Binding1\binding1.js
C:\Users\Evgen\source\repos\EvgenyVeprikov_cp\bso\bso\scripts\typings\Samples\Binding1\binding1.js.map
C:\Users\Evgen\source\repos\EvgenyVeprikov_cp\bso\bso\scripts\typings\Samples\Pager\pager.js
C:\Users\Evgen\source\repos\EvgenyVeprikov_cp\bso\bso\scripts\typings\Samples\Pager\pager.js.map
C:\Users\Evgen\source\repos\EvgenyVeprikov_cp\bso\bso\scripts\typings\Samples\SecondsElapsed\SecondsElapsed.js
C:\Users\Evgen\source\repos\EvgenyVeprikov_cp\bso\bso\scripts\typings\Samples\SecondsElapsed\SecondsElapsed.js.map
C:\Users\Evgen\source\repos\EvgenyVeprikov_cp\bso\bso\scripts\typings\Samples\Tests\Test1.js
C:\Users\Evgen\source\repos\EvgenyVeprikov_cp\bso\bso\scripts\typings\Samples\Tests\Test1.js.map
C:\Users\Evgen\source\repos\EvgenyVeprikov_cp\bso\bso\scripts\typings\Samples\Tests\Test2.js
C:\Users\Evgen\source\repos\EvgenyVeprikov_cp\bso\bso\scripts\typings\Samples\Tests\Test2.js.map
C:\Users\Evgen\source\repos\EvgenyVeprikov_cp\bso\bso\scripts\typings\Samples\_1791\_1791.js
C:\Users\Evgen\source\repos\EvgenyVeprikov_cp\bso\bso\scripts\typings\Samples\_1791\_1791.js.map
C:\Users\Evgen\source\repos\EvgenyVeprikov_cp\bso\bso\scripts\typings\todo\todo.js
C:\Users\Evgen\source\repos\EvgenyVeprikov_cp\bso\bso\scripts\typings\todo\todo.js.map
